<?xml version="1.0" encoding="UTF-8"?>
<!-- Generated by org.testng.reporters.JUnitReportReporter -->
<testsuite skipped="0" hostname="LAPTOP-OJIPPDE6" name="com.orangehrmlive.demo.AppTest" tests="1" failures="0" timestamp="2021-12-05T21:05:52 GMT" time="0.000" errors="0">
  <testcase name="shouldAnswerWithTrue" time="0.000" classname="com.orangehrmlive.demo.AppTest"/>
  <system-out/>
</testsuite> <!-- com.orangehrmlive.demo.AppTest -->
